<?xml version="1.0" encoding="UTF-8"?>
<testsuite xmlns:xsi="http://www.w3.org/2001/XMLSchema-instance" xsi:noNamespaceSchemaLocation="https://maven.apache.org/surefire/maven-surefire-plugin/xsd/surefire-test-report-3.0.xsd" version="3.0" name="com.stuti.soap.project.ApplicationTests" time="1.68" tests="1" errors="0" skipped="0" failures="0">
  <properties>
    <property name="java.specification.version" value="18"/>
    <property name="sun.jnu.encoding" value="UTF-8"/>
    <property name="java.class.path" value="/Users/megha/IdeaProjects/soap.project/target/test-classes:/Users/megha/IdeaProjects/soap.project/target/classes:/Users/megha/.m2/repository/org/springframework/boot/spring-boot-starter-web-services/3.2.9/spring-boot-starter-web-services-3.2.9.jar:/Users/megha/.m2/repository/org/springframework/boot/spring-boot-starter-web/3.2.9/spring-boot-starter-web-3.2.9.jar:/Users/megha/.m2/repository/org/springframework/boot/spring-boot-starter-json/3.2.9/spring-boot-starter-json-3.2.9.jar:/Users/megha/.m2/repository/com/fasterxml/jackson/core/jackson-databind/2.15.4/jackson-databind-2.15.4.jar:/Users/megha/.m2/repository/com/fasterxml/jackson/core/jackson-annotations/2.15.4/jackson-annotations-2.15.4.jar:/Users/megha/.m2/repository/com/fasterxml/jackson/core/jackson-core/2.15.4/jackson-core-2.15.4.jar:/Users/megha/.m2/repository/com/fasterxml/jackson/datatype/jackson-datatype-jdk8/2.15.4/jackson-datatype-jdk8-2.15.4.jar:/Users/megha/.m2/repository/com/fasterxml/jackson/datatype/jackson-datatype-jsr310/2.15.4/jackson-datatype-jsr310-2.15.4.jar:/Users/megha/.m2/repository/com/fasterxml/jackson/module/jackson-module-parameter-names/2.15.4/jackson-module-parameter-names-2.15.4.jar:/Users/megha/.m2/repository/org/springframework/boot/spring-boot-starter-tomcat/3.2.9/spring-boot-starter-tomcat-3.2.9.jar:/Users/megha/.m2/repository/org/apache/tomcat/embed/tomcat-embed-core/10.1.28/tomcat-embed-core-10.1.28.jar:/Users/megha/.m2/repository/org/apache/tomcat/embed/tomcat-embed-el/10.1.28/tomcat-embed-el-10.1.28.jar:/Users/megha/.m2/repository/org/apache/tomcat/embed/tomcat-embed-websocket/10.1.28/tomcat-embed-websocket-10.1.28.jar:/Users/megha/.m2/repository/org/springframework/spring-web/6.1.12/spring-web-6.1.12.jar:/Users/megha/.m2/repository/io/micrometer/micrometer-observation/1.12.9/micrometer-observation-1.12.9.jar:/Users/megha/.m2/repository/io/micrometer/micrometer-commons/1.12.9/micrometer-commons-1.12.9.jar:/Users/megha/.m2/repository/org/springframework/spring-webmvc/6.1.12/spring-webmvc-6.1.12.jar:/Users/megha/.m2/repository/org/springframework/spring-context/6.1.12/spring-context-6.1.12.jar:/Users/megha/.m2/repository/org/springframework/spring-expression/6.1.12/spring-expression-6.1.12.jar:/Users/megha/.m2/repository/com/sun/xml/messaging/saaj/saaj-impl/3.0.4/saaj-impl-3.0.4.jar:/Users/megha/.m2/repository/jakarta/xml/soap/jakarta.xml.soap-api/3.0.2/jakarta.xml.soap-api-3.0.2.jar:/Users/megha/.m2/repository/org/jvnet/staxex/stax-ex/2.1.0/stax-ex-2.1.0.jar:/Users/megha/.m2/repository/jakarta/activation/jakarta.activation-api/2.1.3/jakarta.activation-api-2.1.3.jar:/Users/megha/.m2/repository/org/eclipse/angus/angus-activation/2.0.2/angus-activation-2.0.2.jar:/Users/megha/.m2/repository/jakarta/xml/ws/jakarta.xml.ws-api/4.0.2/jakarta.xml.ws-api-4.0.2.jar:/Users/megha/.m2/repository/org/springframework/spring-oxm/6.1.12/spring-oxm-6.1.12.jar:/Users/megha/.m2/repository/org/springframework/spring-beans/6.1.12/spring-beans-6.1.12.jar:/Users/megha/.m2/repository/org/springframework/ws/spring-ws-core/4.0.11/spring-ws-core-4.0.11.jar:/Users/megha/.m2/repository/org/springframework/ws/spring-xml/4.0.11/spring-xml-4.0.11.jar:/Users/megha/.m2/repository/org/springframework/spring-aop/6.1.12/spring-aop-6.1.12.jar:/Users/megha/.m2/repository/org/glassfish/jaxb/jaxb-runtime/4.0.5/jaxb-runtime-4.0.5.jar:/Users/megha/.m2/repository/org/glassfish/jaxb/jaxb-core/4.0.5/jaxb-core-4.0.5.jar:/Users/megha/.m2/repository/org/glassfish/jaxb/txw2/4.0.5/txw2-4.0.5.jar:/Users/megha/.m2/repository/com/sun/istack/istack-commons-runtime/4.1.2/istack-commons-runtime-4.1.2.jar:/Users/megha/.m2/repository/wsdl4j/wsdl4j/1.6.3/wsdl4j-1.6.3.jar:/Users/megha/.m2/repository/org/springframework/boot/spring-boot-starter-test/3.2.9/spring-boot-starter-test-3.2.9.jar:/Users/megha/.m2/repository/org/springframework/boot/spring-boot-starter/3.2.9/spring-boot-starter-3.2.9.jar:/Users/megha/.m2/repository/org/springframework/boot/spring-boot/3.2.9/spring-boot-3.2.9.jar:/Users/megha/.m2/repository/org/springframework/boot/spring-boot-autoconfigure/3.2.9/spring-boot-autoconfigure-3.2.9.jar:/Users/megha/.m2/repository/org/springframework/boot/spring-boot-starter-logging/3.2.9/spring-boot-starter-logging-3.2.9.jar:/Users/megha/.m2/repository/ch/qos/logback/logback-classic/1.4.14/logback-classic-1.4.14.jar:/Users/megha/.m2/repository/ch/qos/logback/logback-core/1.4.14/logback-core-1.4.14.jar:/Users/megha/.m2/repository/org/apache/logging/log4j/log4j-to-slf4j/2.21.1/log4j-to-slf4j-2.21.1.jar:/Users/megha/.m2/repository/org/apache/logging/log4j/log4j-api/2.21.1/log4j-api-2.21.1.jar:/Users/megha/.m2/repository/org/slf4j/jul-to-slf4j/2.0.16/jul-to-slf4j-2.0.16.jar:/Users/megha/.m2/repository/jakarta/annotation/jakarta.annotation-api/2.1.1/jakarta.annotation-api-2.1.1.jar:/Users/megha/.m2/repository/org/yaml/snakeyaml/2.2/snakeyaml-2.2.jar:/Users/megha/.m2/repository/org/springframework/boot/spring-boot-test/3.2.9/spring-boot-test-3.2.9.jar:/Users/megha/.m2/repository/org/springframework/boot/spring-boot-test-autoconfigure/3.2.9/spring-boot-test-autoconfigure-3.2.9.jar:/Users/megha/.m2/repository/com/jayway/jsonpath/json-path/2.9.0/json-path-2.9.0.jar:/Users/megha/.m2/repository/org/slf4j/slf4j-api/2.0.16/slf4j-api-2.0.16.jar:/Users/megha/.m2/repository/jakarta/xml/bind/jakarta.xml.bind-api/4.0.2/jakarta.xml.bind-api-4.0.2.jar:/Users/megha/.m2/repository/net/minidev/json-smart/2.5.1/json-smart-2.5.1.jar:/Users/megha/.m2/repository/net/minidev/accessors-smart/2.5.1/accessors-smart-2.5.1.jar:/Users/megha/.m2/repository/org/ow2/asm/asm/9.6/asm-9.6.jar:/Users/megha/.m2/repository/org/assertj/assertj-core/3.24.2/assertj-core-3.24.2.jar:/Users/megha/.m2/repository/net/bytebuddy/byte-buddy/1.14.19/byte-buddy-1.14.19.jar:/Users/megha/.m2/repository/org/awaitility/awaitility/4.2.2/awaitility-4.2.2.jar:/Users/megha/.m2/repository/org/hamcrest/hamcrest/2.2/hamcrest-2.2.jar:/Users/megha/.m2/repository/org/junit/jupiter/junit-jupiter/5.10.3/junit-jupiter-5.10.3.jar:/Users/megha/.m2/repository/org/junit/jupiter/junit-jupiter-api/5.10.3/junit-jupiter-api-5.10.3.jar:/Users/megha/.m2/repository/org/opentest4j/opentest4j/1.3.0/opentest4j-1.3.0.jar:/Users/megha/.m2/repository/org/junit/platform/junit-platform-commons/1.10.3/junit-platform-commons-1.10.3.jar:/Users/megha/.m2/repository/org/apiguardian/apiguardian-api/1.1.2/apiguardian-api-1.1.2.jar:/Users/megha/.m2/repository/org/junit/jupiter/junit-jupiter-params/5.10.3/junit-jupiter-params-5.10.3.jar:/Users/megha/.m2/repository/org/junit/jupiter/junit-jupiter-engine/5.10.3/junit-jupiter-engine-5.10.3.jar:/Users/megha/.m2/repository/org/junit/platform/junit-platform-engine/1.10.3/junit-platform-engine-1.10.3.jar:/Users/megha/.m2/repository/org/mockito/mockito-core/5.7.0/mockito-core-5.7.0.jar:/Users/megha/.m2/repository/net/bytebuddy/byte-buddy-agent/1.14.19/byte-buddy-agent-1.14.19.jar:/Users/megha/.m2/repository/org/objenesis/objenesis/3.3/objenesis-3.3.jar:/Users/megha/.m2/repository/org/mockito/mockito-junit-jupiter/5.7.0/mockito-junit-jupiter-5.7.0.jar:/Users/megha/.m2/repository/org/skyscreamer/jsonassert/1.5.3/jsonassert-1.5.3.jar:/Users/megha/.m2/repository/com/vaadin/external/google/android-json/0.0.20131108.vaadin1/android-json-0.0.20131108.vaadin1.jar:/Users/megha/.m2/repository/org/springframework/spring-core/6.1.12/spring-core-6.1.12.jar:/Users/megha/.m2/repository/org/springframework/spring-jcl/6.1.12/spring-jcl-6.1.12.jar:/Users/megha/.m2/repository/org/springframework/spring-test/6.1.12/spring-test-6.1.12.jar:/Users/megha/.m2/repository/org/xmlunit/xmlunit-core/2.9.1/xmlunit-core-2.9.1.jar:"/>
    <property name="java.vm.vendor" value="Oracle Corporation"/>
    <property name="sun.arch.data.model" value="64"/>
    <property name="java.vendor.url" value="https://java.oracle.com/"/>
    <property name="user.timezone" value="Asia/Kolkata"/>
    <property name="os.name" value="Mac OS X"/>
    <property name="java.vm.specification.version" value="18"/>
    <property name="sun.java.launcher" value="SUN_STANDARD"/>
    <property name="user.country" value="GB"/>
    <property name="sun.boot.library.path" value="/Users/megha/Library/Java/JavaVirtualMachines/openjdk-18.0.2/Contents/Home/lib"/>
    <property name="sun.java.command" value="/Users/megha/IdeaProjects/soap.project/target/surefire/surefirebooter-20240913092247634_3.jar /Users/megha/IdeaProjects/soap.project/target/surefire 2024-09-13T09-22-47_559-jvmRun1 surefire-20240913092247634_1tmp surefire_0-20240913092247634_2tmp"/>
    <property name="http.nonProxyHosts" value="local|*.local|169.254/16|*.169.254/16"/>
    <property name="jdk.debug" value="release"/>
    <property name="surefire.test.class.path" value="/Users/megha/IdeaProjects/soap.project/target/test-classes:/Users/megha/IdeaProjects/soap.project/target/classes:/Users/megha/.m2/repository/org/springframework/boot/spring-boot-starter-web-services/3.2.9/spring-boot-starter-web-services-3.2.9.jar:/Users/megha/.m2/repository/org/springframework/boot/spring-boot-starter-web/3.2.9/spring-boot-starter-web-3.2.9.jar:/Users/megha/.m2/repository/org/springframework/boot/spring-boot-starter-json/3.2.9/spring-boot-starter-json-3.2.9.jar:/Users/megha/.m2/repository/com/fasterxml/jackson/core/jackson-databind/2.15.4/jackson-databind-2.15.4.jar:/Users/megha/.m2/repository/com/fasterxml/jackson/core/jackson-annotations/2.15.4/jackson-annotations-2.15.4.jar:/Users/megha/.m2/repository/com/fasterxml/jackson/core/jackson-core/2.15.4/jackson-core-2.15.4.jar:/Users/megha/.m2/repository/com/fasterxml/jackson/datatype/jackson-datatype-jdk8/2.15.4/jackson-datatype-jdk8-2.15.4.jar:/Users/megha/.m2/repository/com/fasterxml/jackson/datatype/jackson-datatype-jsr310/2.15.4/jackson-datatype-jsr310-2.15.4.jar:/Users/megha/.m2/repository/com/fasterxml/jackson/module/jackson-module-parameter-names/2.15.4/jackson-module-parameter-names-2.15.4.jar:/Users/megha/.m2/repository/org/springframework/boot/spring-boot-starter-tomcat/3.2.9/spring-boot-starter-tomcat-3.2.9.jar:/Users/megha/.m2/repository/org/apache/tomcat/embed/tomcat-embed-core/10.1.28/tomcat-embed-core-10.1.28.jar:/Users/megha/.m2/repository/org/apache/tomcat/embed/tomcat-embed-el/10.1.28/tomcat-embed-el-10.1.28.jar:/Users/megha/.m2/repository/org/apache/tomcat/embed/tomcat-embed-websocket/10.1.28/tomcat-embed-websocket-10.1.28.jar:/Users/megha/.m2/repository/org/springframework/spring-web/6.1.12/spring-web-6.1.12.jar:/Users/megha/.m2/repository/io/micrometer/micrometer-observation/1.12.9/micrometer-observation-1.12.9.jar:/Users/megha/.m2/repository/io/micrometer/micrometer-commons/1.12.9/micrometer-commons-1.12.9.jar:/Users/megha/.m2/repository/org/springframework/spring-webmvc/6.1.12/spring-webmvc-6.1.12.jar:/Users/megha/.m2/repository/org/springframework/spring-context/6.1.12/spring-context-6.1.12.jar:/Users/megha/.m2/repository/org/springframework/spring-expression/6.1.12/spring-expression-6.1.12.jar:/Users/megha/.m2/repository/com/sun/xml/messaging/saaj/saaj-impl/3.0.4/saaj-impl-3.0.4.jar:/Users/megha/.m2/repository/jakarta/xml/soap/jakarta.xml.soap-api/3.0.2/jakarta.xml.soap-api-3.0.2.jar:/Users/megha/.m2/repository/org/jvnet/staxex/stax-ex/2.1.0/stax-ex-2.1.0.jar:/Users/megha/.m2/repository/jakarta/activation/jakarta.activation-api/2.1.3/jakarta.activation-api-2.1.3.jar:/Users/megha/.m2/repository/org/eclipse/angus/angus-activation/2.0.2/angus-activation-2.0.2.jar:/Users/megha/.m2/repository/jakarta/xml/ws/jakarta.xml.ws-api/4.0.2/jakarta.xml.ws-api-4.0.2.jar:/Users/megha/.m2/repository/org/springframework/spring-oxm/6.1.12/spring-oxm-6.1.12.jar:/Users/megha/.m2/repository/org/springframework/spring-beans/6.1.12/spring-beans-6.1.12.jar:/Users/megha/.m2/repository/org/springframework/ws/spring-ws-core/4.0.11/spring-ws-core-4.0.11.jar:/Users/megha/.m2/repository/org/springframework/ws/spring-xml/4.0.11/spring-xml-4.0.11.jar:/Users/megha/.m2/repository/org/springframework/spring-aop/6.1.12/spring-aop-6.1.12.jar:/Users/megha/.m2/repository/org/glassfish/jaxb/jaxb-runtime/4.0.5/jaxb-runtime-4.0.5.jar:/Users/megha/.m2/repository/org/glassfish/jaxb/jaxb-core/4.0.5/jaxb-core-4.0.5.jar:/Users/megha/.m2/repository/org/glassfish/jaxb/txw2/4.0.5/txw2-4.0.5.jar:/Users/megha/.m2/repository/com/sun/istack/istack-commons-runtime/4.1.2/istack-commons-runtime-4.1.2.jar:/Users/megha/.m2/repository/wsdl4j/wsdl4j/1.6.3/wsdl4j-1.6.3.jar:/Users/megha/.m2/repository/org/springframework/boot/spring-boot-starter-test/3.2.9/spring-boot-starter-test-3.2.9.jar:/Users/megha/.m2/repository/org/springframework/boot/spring-boot-starter/3.2.9/spring-boot-starter-3.2.9.jar:/Users/megha/.m2/repository/org/springframework/boot/spring-boot/3.2.9/spring-boot-3.2.9.jar:/Users/megha/.m2/repository/org/springframework/boot/spring-boot-autoconfigure/3.2.9/spring-boot-autoconfigure-3.2.9.jar:/Users/megha/.m2/repository/org/springframework/boot/spring-boot-starter-logging/3.2.9/spring-boot-starter-logging-3.2.9.jar:/Users/megha/.m2/repository/ch/qos/logback/logback-classic/1.4.14/logback-classic-1.4.14.jar:/Users/megha/.m2/repository/ch/qos/logback/logback-core/1.4.14/logback-core-1.4.14.jar:/Users/megha/.m2/repository/org/apache/logging/log4j/log4j-to-slf4j/2.21.1/log4j-to-slf4j-2.21.1.jar:/Users/megha/.m2/repository/org/apache/logging/log4j/log4j-api/2.21.1/log4j-api-2.21.1.jar:/Users/megha/.m2/repository/org/slf4j/jul-to-slf4j/2.0.16/jul-to-slf4j-2.0.16.jar:/Users/megha/.m2/repository/jakarta/annotation/jakarta.annotation-api/2.1.1/jakarta.annotation-api-2.1.1.jar:/Users/megha/.m2/repository/org/yaml/snakeyaml/2.2/snakeyaml-2.2.jar:/Users/megha/.m2/repository/org/springframework/boot/spring-boot-test/3.2.9/spring-boot-test-3.2.9.jar:/Users/megha/.m2/repository/org/springframework/boot/spring-boot-test-autoconfigure/3.2.9/spring-boot-test-autoconfigure-3.2.9.jar:/Users/megha/.m2/repository/com/jayway/jsonpath/json-path/2.9.0/json-path-2.9.0.jar:/Users/megha/.m2/repository/org/slf4j/slf4j-api/2.0.16/slf4j-api-2.0.16.jar:/Users/megha/.m2/repository/jakarta/xml/bind/jakarta.xml.bind-api/4.0.2/jakarta.xml.bind-api-4.0.2.jar:/Users/megha/.m2/repository/net/minidev/json-smart/2.5.1/json-smart-2.5.1.jar:/Users/megha/.m2/repository/net/minidev/accessors-smart/2.5.1/accessors-smart-2.5.1.jar:/Users/megha/.m2/repository/org/ow2/asm/asm/9.6/asm-9.6.jar:/Users/megha/.m2/repository/org/assertj/assertj-core/3.24.2/assertj-core-3.24.2.jar:/Users/megha/.m2/repository/net/bytebuddy/byte-buddy/1.14.19/byte-buddy-1.14.19.jar:/Users/megha/.m2/repository/org/awaitility/awaitility/4.2.2/awaitility-4.2.2.jar:/Users/megha/.m2/repository/org/hamcrest/hamcrest/2.2/hamcrest-2.2.jar:/Users/megha/.m2/repository/org/junit/jupiter/junit-jupiter/5.10.3/junit-jupiter-5.10.3.jar:/Users/megha/.m2/repository/org/junit/jupiter/junit-jupiter-api/5.10.3/junit-jupiter-api-5.10.3.jar:/Users/megha/.m2/repository/org/opentest4j/opentest4j/1.3.0/opentest4j-1.3.0.jar:/Users/megha/.m2/repository/org/junit/platform/junit-platform-commons/1.10.3/junit-platform-commons-1.10.3.jar:/Users/megha/.m2/repository/org/apiguardian/apiguardian-api/1.1.2/apiguardian-api-1.1.2.jar:/Users/megha/.m2/repository/org/junit/jupiter/junit-jupiter-params/5.10.3/junit-jupiter-params-5.10.3.jar:/Users/megha/.m2/repository/org/junit/jupiter/junit-jupiter-engine/5.10.3/junit-jupiter-engine-5.10.3.jar:/Users/megha/.m2/repository/org/junit/platform/junit-platform-engine/1.10.3/junit-platform-engine-1.10.3.jar:/Users/megha/.m2/repository/org/mockito/mockito-core/5.7.0/mockito-core-5.7.0.jar:/Users/megha/.m2/repository/net/bytebuddy/byte-buddy-agent/1.14.19/byte-buddy-agent-1.14.19.jar:/Users/megha/.m2/repository/org/objenesis/objenesis/3.3/objenesis-3.3.jar:/Users/megha/.m2/repository/org/mockito/mockito-junit-jupiter/5.7.0/mockito-junit-jupiter-5.7.0.jar:/Users/megha/.m2/repository/org/skyscreamer/jsonassert/1.5.3/jsonassert-1.5.3.jar:/Users/megha/.m2/repository/com/vaadin/external/google/android-json/0.0.20131108.vaadin1/android-json-0.0.20131108.vaadin1.jar:/Users/megha/.m2/repository/org/springframework/spring-core/6.1.12/spring-core-6.1.12.jar:/Users/megha/.m2/repository/org/springframework/spring-jcl/6.1.12/spring-jcl-6.1.12.jar:/Users/megha/.m2/repository/org/springframework/spring-test/6.1.12/spring-test-6.1.12.jar:/Users/megha/.m2/repository/org/xmlunit/xmlunit-core/2.9.1/xmlunit-core-2.9.1.jar:"/>
    <property name="sun.cpu.endian" value="little"/>
    <property name="user.home" value="/Users/megha"/>
    <property name="user.language" value="en"/>
    <property name="java.specification.vendor" value="Oracle Corporation"/>
    <property name="java.version.date" value="2022-07-19"/>
    <property name="java.home" value="/Users/megha/Library/Java/JavaVirtualMachines/openjdk-18.0.2/Contents/Home"/>
    <property name="file.separator" value="/"/>
    <property name="basedir" value="/Users/megha/IdeaProjects/soap.project"/>
    <property name="java.vm.compressedOopsMode" value="Zero based"/>
    <property name="line.separator" value="&#10;"/>
    <property name="java.vm.specification.vendor" value="Oracle Corporation"/>
    <property name="java.specification.name" value="Java Platform API Specification"/>
    <property name="FILE_LOG_CHARSET" value="UTF-8"/>
    <property name="java.awt.headless" value="true"/>
    <property name="apple.awt.application.name" value="ForkedBooter"/>
    <property name="surefire.real.class.path" value="/Users/megha/IdeaProjects/soap.project/target/surefire/surefirebooter-20240913092247634_3.jar"/>
    <property name="sun.management.compiler" value="HotSpot 64-Bit Tiered Compilers"/>
    <property name="ftp.nonProxyHosts" value="local|*.local|169.254/16|*.169.254/16"/>
    <property name="java.runtime.version" value="18.0.2+9-61"/>
    <property name="user.name" value="megha"/>
    <property name="path.separator" value=":"/>
    <property name="os.version" value="14.6.1"/>
    <property name="java.runtime.name" value="OpenJDK Runtime Environment"/>
    <property name="file.encoding" value="UTF-8"/>
    <property name="java.vm.name" value="OpenJDK 64-Bit Server VM"/>
    <property name="localRepository" value="/Users/megha/.m2/repository"/>
    <property name="java.vendor.url.bug" value="https://bugreport.java.com/bugreport/"/>
    <property name="java.io.tmpdir" value="/var/folders/f7/ng1v15b10q1csld7s1hxlmxm0000gn/T/"/>
    <property name="idea.version" value="2021.3.3"/>
    <property name="java.version" value="18.0.2"/>
    <property name="user.dir" value="/Users/megha/IdeaProjects/soap.project"/>
    <property name="os.arch" value="aarch64"/>
    <property name="java.vm.specification.name" value="Java Virtual Machine Specification"/>
    <property name="PID" value="3657"/>
    <property name="CONSOLE_LOG_CHARSET" value="UTF-8"/>
    <property name="native.encoding" value="UTF-8"/>
    <property name="java.library.path" value="/Users/megha/Library/Java/Extensions:/Library/Java/Extensions:/Network/Library/Java/Extensions:/System/Library/Java/Extensions:/usr/lib/java:."/>
    <property name="java.vm.info" value="mixed mode, sharing"/>
    <property name="java.vendor" value="Oracle Corporation"/>
    <property name="java.vm.version" value="18.0.2+9-61"/>
    <property name="sun.io.unicode.encoding" value="UnicodeBig"/>
    <property name="socksNonProxyHosts" value="local|*.local|169.254/16|*.169.254/16"/>
    <property name="java.class.version" value="62.0"/>
    <property name="LOGGED_APPLICATION_NAME" value="[soap.project] "/>
  </properties>
  <testcase name="contextLoads" classname="com.stuti.soap.project.ApplicationTests" time="0.498">
    <system-out><![CDATA[09:22:48.198 [main] INFO org.springframework.test.context.support.AnnotationConfigContextLoaderUtils -- Could not detect default configuration classes for test class [com.stuti.soap.project.ApplicationTests]: ApplicationTests does not declare any static, non-private, non-final, nested classes annotated with @Configuration.
09:22:48.264 [main] INFO org.springframework.boot.test.context.SpringBootTestContextBootstrapper -- Found @SpringBootConfiguration com.stuti.soap.project.Application for test class com.stuti.soap.project.ApplicationTests

  .   ____          _            __ _ _
 /\\ / ___'_ __ _ _(_)_ __  __ _ \ \ \ \
( ( )\___ | '_ | '_| | '_ \/ _` | \ \ \ \
 \\/  ___)| |_)| | | | | || (_| |  ) ) ) )
  '  |____| .__|_| |_|_| |_\__, | / / / /
 =========|_|==============|___/=/_/_/_/
 :: Spring Boot ::                (v3.2.9)

2024-09-13T09:22:48.478+05:30  INFO 3657 --- [soap.project] [           main] c.stuti.soap.project.ApplicationTests    : Starting ApplicationTests using Java 18.0.2 with PID 3657 (started by megha in /Users/megha/IdeaProjects/soap.project)
2024-09-13T09:22:48.479+05:30  INFO 3657 --- [soap.project] [           main] c.stuti.soap.project.ApplicationTests    : No active profile set, falling back to 1 default profile: "default"
2024-09-13T09:22:48.876+05:30  WARN 3657 --- [soap.project] [           main] trationDelegate$BeanPostProcessorChecker : Bean 'webServiceConfig' of type [com.stuti.soap.project.WebServiceConfig$$SpringCGLIB$$0] is not eligible for getting processed by all BeanPostProcessors (for example: not eligible for auto-proxying). Is this bean getting eagerly injected into a currently created BeanPostProcessor [annotationActionEndpointMapping]? Check the corresponding BeanPostProcessor declaration and its dependencies.
2024-09-13T09:22:48.877+05:30  WARN 3657 --- [soap.project] [           main] trationDelegate$BeanPostProcessorChecker : Bean 'org.springframework.ws.config.annotation.DelegatingWsConfiguration' of type [org.springframework.ws.config.annotation.DelegatingWsConfiguration$$SpringCGLIB$$0] is not eligible for getting processed by all BeanPostProcessors (for example: not eligible for auto-proxying). The currently created BeanPostProcessor [annotationActionEndpointMapping] is declared through a non-static factory method on that class; consider declaring it as static instead.
2024-09-13T09:22:48.897+05:30  INFO 3657 --- [soap.project] [           main] .w.s.a.s.AnnotationActionEndpointMapping : Supporting [WS-Addressing August 2004, WS-Addressing 1.0]
2024-09-13T09:22:49.232+05:30  INFO 3657 --- [soap.project] [           main] c.stuti.soap.project.ApplicationTests    : Started ApplicationTests in 0.886 seconds (process running for 1.542)
]]></system-out>
  </testcase>
</testsuite>